<?xml version="1.0" encoding="UTF-8"?>
<!-- Generated by org.testng.reporters.JUnitReportReporter -->
<testsuite hostname="DESKTOP-MPS3MDV" failures="0" tests="2" name="tests.a_sauceLabApk.DropdownMenuTests" time="43.685" errors="0" timestamp="2024-10-16T21:39:22 CEST" skipped="0">
  <testcase classname="tests.a_sauceLabApk.DropdownMenuTests" name="dropdownMenuAbcOrderTest" time="19.254"/>
  <testcase classname="tests.a_sauceLabApk.DropdownMenuTests" name="dropdownMenuReverseAbcOrderTest" time="24.431"/>
</testsuite> <!-- tests.a_sauceLabApk.DropdownMenuTests -->
